2020-10-27 10:42:18 [main] INFO  com.ecommerce.Application - Starting Application on DESKTOP-KVCQHCD with PID 15092 (C:\SSAFY\final\s03p31a101\backend\target\classes started by multicampus in C:\SSAFY\final\s03p31a101)
2020-10-27 10:42:18 [main] DEBUG com.ecommerce.Application - Running with Spring Boot v2.1.4.RELEASE, Spring v5.1.6.RELEASE
2020-10-27 10:42:18 [main] INFO  com.ecommerce.Application - No active profile set, falling back to default profiles: default
2020-10-27 10:42:19 [main] INFO  o.s.c.s.PostProcessorRegistrationDelegate$BeanPostProcessorChecker - Bean 'org.springframework.transaction.annotation.ProxyTransactionManagementConfiguration' of type [org.springframework.transaction.annotation.ProxyTransactionManagementConfiguration$$EnhancerBySpringCGLIB$$8d0d032d] is not eligible for getting processed by all BeanPostProcessors (for example: not eligible for auto-proxying)
2020-10-27 10:42:20 [main] INFO  o.s.b.w.e.tomcat.TomcatWebServer - Tomcat initialized with port(s): 8080 (http)
2020-10-27 10:42:20 [main] INFO  o.a.catalina.core.StandardService - Starting service [Tomcat]
2020-10-27 10:42:20 [main] INFO  o.a.catalina.core.StandardEngine - Starting Servlet engine: [Apache Tomcat/9.0.17]
2020-10-27 10:42:20 [main] INFO  o.a.c.c.C.[Tomcat].[localhost].[/] - Initializing Spring embedded WebApplicationContext
2020-10-27 10:42:21 [main] INFO  s.d.s.w.PropertySourcedRequestMappingHandlerMapping - Mapped URL path [/v2/api-docs] onto method [public org.springframework.http.ResponseEntity<springfox.documentation.spring.web.json.Json> springfox.documentation.swagger2.web.Swagger2Controller.getDocumentation(java.lang.String,javax.servlet.http.HttpServletRequest)]
2020-10-27 10:42:21 [main] INFO  o.s.s.c.ThreadPoolTaskExecutor - Initializing ExecutorService 'applicationTaskExecutor'
2020-10-27 10:42:21 [main] INFO  s.d.s.w.p.DocumentationPluginsBootstrapper - Context refreshed
2020-10-27 10:42:21 [main] INFO  s.d.s.w.p.DocumentationPluginsBootstrapper - Found 1 custom documentation plugin(s)
2020-10-27 10:42:21 [main] INFO  s.d.s.w.s.ApiListingReferenceScanner - Scanning for api listing references
2020-10-27 10:42:21 [main] INFO  s.d.s.w.r.o.CachingOperationNameGenerator - Generating unique operation named: deleteUsingDELETE_1
2020-10-27 10:42:21 [main] INFO  s.d.s.w.r.o.CachingOperationNameGenerator - Generating unique operation named: getUsingGET_1
2020-10-27 10:42:21 [main] INFO  s.d.s.w.r.o.CachingOperationNameGenerator - Generating unique operation named: listUsingGET_1
2020-10-27 10:42:21 [main] INFO  s.d.s.w.r.o.CachingOperationNameGenerator - Generating unique operation named: getUsingGET_2
2020-10-27 10:42:21 [main] INFO  s.d.s.w.r.o.CachingOperationNameGenerator - Generating unique operation named: getByUserUsingGET_1
2020-10-27 10:42:21 [main] INFO  s.d.s.w.r.o.CachingOperationNameGenerator - Generating unique operation named: registerUsingPOST_1
2020-10-27 10:42:21 [main] INFO  o.s.b.w.e.tomcat.TomcatWebServer - Tomcat started on port(s): 8080 (http) with context path ''
2020-10-27 10:42:21 [main] INFO  com.ecommerce.Application - Started Application in 3.617 seconds (JVM running for 4.026)
2020-10-27 15:21:41 [main] INFO  com.ecommerce.Application - Starting Application on DESKTOP-KVCQHCD with PID 12532 (C:\SSAFY\final\s03p31a101\backend\target\classes started by multicampus in C:\SSAFY\final\s03p31a101)
2020-10-27 15:21:41 [main] DEBUG com.ecommerce.Application - Running with Spring Boot v2.1.4.RELEASE, Spring v5.1.6.RELEASE
2020-10-27 15:21:41 [main] INFO  com.ecommerce.Application - No active profile set, falling back to default profiles: default
2020-10-27 15:21:42 [main] INFO  o.s.c.s.PostProcessorRegistrationDelegate$BeanPostProcessorChecker - Bean 'org.springframework.transaction.annotation.ProxyTransactionManagementConfiguration' of type [org.springframework.transaction.annotation.ProxyTransactionManagementConfiguration$$EnhancerBySpringCGLIB$$a560ff71] is not eligible for getting processed by all BeanPostProcessors (for example: not eligible for auto-proxying)
2020-10-27 15:21:42 [main] INFO  o.s.b.w.e.tomcat.TomcatWebServer - Tomcat initialized with port(s): 8080 (http)
2020-10-27 15:21:42 [main] INFO  o.a.catalina.core.StandardService - Starting service [Tomcat]
2020-10-27 15:21:42 [main] INFO  o.a.catalina.core.StandardEngine - Starting Servlet engine: [Apache Tomcat/9.0.17]
2020-10-27 15:21:43 [main] INFO  o.a.c.c.C.[Tomcat].[localhost].[/] - Initializing Spring embedded WebApplicationContext
2020-10-27 15:21:43 [main] INFO  s.d.s.w.PropertySourcedRequestMappingHandlerMapping - Mapped URL path [/v2/api-docs] onto method [public org.springframework.http.ResponseEntity<springfox.documentation.spring.web.json.Json> springfox.documentation.swagger2.web.Swagger2Controller.getDocumentation(java.lang.String,javax.servlet.http.HttpServletRequest)]
2020-10-27 15:21:43 [main] INFO  o.s.s.c.ThreadPoolTaskExecutor - Initializing ExecutorService 'applicationTaskExecutor'
2020-10-27 15:21:44 [main] INFO  s.d.s.w.p.DocumentationPluginsBootstrapper - Context refreshed
2020-10-27 15:21:44 [main] INFO  s.d.s.w.p.DocumentationPluginsBootstrapper - Found 1 custom documentation plugin(s)
2020-10-27 15:21:44 [main] INFO  s.d.s.w.s.ApiListingReferenceScanner - Scanning for api listing references
2020-10-27 15:21:44 [main] INFO  s.d.s.w.r.o.CachingOperationNameGenerator - Generating unique operation named: deleteUsingDELETE_1
2020-10-27 15:21:44 [main] INFO  s.d.s.w.r.o.CachingOperationNameGenerator - Generating unique operation named: getUsingGET_1
2020-10-27 15:21:44 [main] INFO  s.d.s.w.r.o.CachingOperationNameGenerator - Generating unique operation named: listUsingGET_1
2020-10-27 15:21:44 [main] INFO  s.d.s.w.r.o.CachingOperationNameGenerator - Generating unique operation named: getUsingGET_2
2020-10-27 15:21:44 [main] INFO  s.d.s.w.r.o.CachingOperationNameGenerator - Generating unique operation named: getByUserUsingGET_1
2020-10-27 15:21:44 [main] INFO  s.d.s.w.r.o.CachingOperationNameGenerator - Generating unique operation named: registerUsingPOST_1
2020-10-27 15:21:44 [main] INFO  o.s.b.w.e.tomcat.TomcatWebServer - Tomcat started on port(s): 8080 (http) with context path ''
2020-10-27 15:21:44 [main] INFO  com.ecommerce.Application - Started Application in 3.515 seconds (JVM running for 3.987)
2020-10-27 15:22:04 [http-nio-8080-exec-1] INFO  o.a.c.c.C.[Tomcat].[localhost].[/] - Initializing Spring DispatcherServlet 'dispatcherServlet'
2020-10-27 15:22:04 [http-nio-8080-exec-2] INFO  com.zaxxer.hikari.HikariDataSource - HikariPool-1 - Starting...
2020-10-27 15:22:04 [http-nio-8080-exec-2] INFO  com.zaxxer.hikari.HikariDataSource - HikariPool-1 - Start completed.
2020-10-27 15:24:01 [main] INFO  com.ecommerce.Application - Starting Application on DESKTOP-KVCQHCD with PID 16236 (C:\SSAFY\final\s03p31a101\backend\target\classes started by multicampus in C:\SSAFY\final\s03p31a101)
2020-10-27 15:24:01 [main] DEBUG com.ecommerce.Application - Running with Spring Boot v2.1.4.RELEASE, Spring v5.1.6.RELEASE
2020-10-27 15:24:01 [main] INFO  com.ecommerce.Application - No active profile set, falling back to default profiles: default
2020-10-27 15:24:02 [main] INFO  o.s.c.s.PostProcessorRegistrationDelegate$BeanPostProcessorChecker - Bean 'org.springframework.transaction.annotation.ProxyTransactionManagementConfiguration' of type [org.springframework.transaction.annotation.ProxyTransactionManagementConfiguration$$EnhancerBySpringCGLIB$$c959c963] is not eligible for getting processed by all BeanPostProcessors (for example: not eligible for auto-proxying)
2020-10-27 15:24:03 [main] INFO  o.s.b.w.e.tomcat.TomcatWebServer - Tomcat initialized with port(s): 8080 (http)
2020-10-27 15:24:03 [main] INFO  o.a.catalina.core.StandardService - Starting service [Tomcat]
2020-10-27 15:24:03 [main] INFO  o.a.catalina.core.StandardEngine - Starting Servlet engine: [Apache Tomcat/9.0.17]
2020-10-27 15:24:03 [main] INFO  o.a.c.c.C.[Tomcat].[localhost].[/] - Initializing Spring embedded WebApplicationContext
2020-10-27 15:24:04 [main] INFO  s.d.s.w.PropertySourcedRequestMappingHandlerMapping - Mapped URL path [/v2/api-docs] onto method [public org.springframework.http.ResponseEntity<springfox.documentation.spring.web.json.Json> springfox.documentation.swagger2.web.Swagger2Controller.getDocumentation(java.lang.String,javax.servlet.http.HttpServletRequest)]
2020-10-27 15:24:04 [main] INFO  o.s.s.c.ThreadPoolTaskExecutor - Initializing ExecutorService 'applicationTaskExecutor'
2020-10-27 15:24:04 [main] INFO  s.d.s.w.p.DocumentationPluginsBootstrapper - Context refreshed
2020-10-27 15:24:04 [main] INFO  s.d.s.w.p.DocumentationPluginsBootstrapper - Found 1 custom documentation plugin(s)
2020-10-27 15:24:04 [main] INFO  s.d.s.w.s.ApiListingReferenceScanner - Scanning for api listing references
2020-10-27 15:24:04 [main] INFO  s.d.s.w.r.o.CachingOperationNameGenerator - Generating unique operation named: deleteUsingDELETE_1
2020-10-27 15:24:04 [main] INFO  s.d.s.w.r.o.CachingOperationNameGenerator - Generating unique operation named: getUsingGET_1
2020-10-27 15:24:04 [main] INFO  s.d.s.w.r.o.CachingOperationNameGenerator - Generating unique operation named: listUsingGET_1
2020-10-27 15:24:04 [main] INFO  s.d.s.w.r.o.CachingOperationNameGenerator - Generating unique operation named: getUsingGET_2
2020-10-27 15:24:04 [main] INFO  s.d.s.w.r.o.CachingOperationNameGenerator - Generating unique operation named: getByUserUsingGET_1
2020-10-27 15:24:04 [main] INFO  s.d.s.w.r.o.CachingOperationNameGenerator - Generating unique operation named: registerUsingPOST_1
2020-10-27 15:24:04 [main] INFO  o.s.b.w.e.tomcat.TomcatWebServer - Tomcat started on port(s): 8080 (http) with context path ''
2020-10-27 15:24:04 [main] INFO  com.ecommerce.Application - Started Application in 3.089 seconds (JVM running for 3.431)
2020-10-27 15:24:28 [http-nio-8080-exec-1] INFO  o.a.c.c.C.[Tomcat].[localhost].[/] - Initializing Spring DispatcherServlet 'dispatcherServlet'
2020-10-27 15:24:28 [http-nio-8080-exec-1] INFO  com.zaxxer.hikari.HikariDataSource - HikariPool-1 - Starting...
2020-10-27 15:24:28 [http-nio-8080-exec-1] INFO  com.zaxxer.hikari.HikariDataSource - HikariPool-1 - Start completed.
2020-10-27 15:24:42 [main] INFO  com.ecommerce.Application - Starting Application on DESKTOP-KVCQHCD with PID 16048 (C:\SSAFY\final\s03p31a101\backend\target\classes started by multicampus in C:\SSAFY\final\s03p31a101)
2020-10-27 15:24:43 [main] DEBUG com.ecommerce.Application - Running with Spring Boot v2.1.4.RELEASE, Spring v5.1.6.RELEASE
2020-10-27 15:24:43 [main] INFO  com.ecommerce.Application - No active profile set, falling back to default profiles: default
2020-10-27 15:24:44 [main] INFO  o.s.c.s.PostProcessorRegistrationDelegate$BeanPostProcessorChecker - Bean 'org.springframework.transaction.annotation.ProxyTransactionManagementConfiguration' of type [org.springframework.transaction.annotation.ProxyTransactionManagementConfiguration$$EnhancerBySpringCGLIB$$8f2f2cfa] is not eligible for getting processed by all BeanPostProcessors (for example: not eligible for auto-proxying)
2020-10-27 15:24:44 [main] INFO  o.s.b.w.e.tomcat.TomcatWebServer - Tomcat initialized with port(s): 8080 (http)
2020-10-27 15:24:44 [main] INFO  o.a.catalina.core.StandardService - Starting service [Tomcat]
2020-10-27 15:24:44 [main] INFO  o.a.catalina.core.StandardEngine - Starting Servlet engine: [Apache Tomcat/9.0.17]
2020-10-27 15:24:44 [main] INFO  o.a.c.c.C.[Tomcat].[localhost].[/] - Initializing Spring embedded WebApplicationContext
2020-10-27 15:24:45 [main] INFO  s.d.s.w.PropertySourcedRequestMappingHandlerMapping - Mapped URL path [/v2/api-docs] onto method [public org.springframework.http.ResponseEntity<springfox.documentation.spring.web.json.Json> springfox.documentation.swagger2.web.Swagger2Controller.getDocumentation(java.lang.String,javax.servlet.http.HttpServletRequest)]
2020-10-27 15:24:45 [main] INFO  o.s.s.c.ThreadPoolTaskExecutor - Initializing ExecutorService 'applicationTaskExecutor'
2020-10-27 15:24:45 [main] INFO  s.d.s.w.p.DocumentationPluginsBootstrapper - Context refreshed
2020-10-27 15:24:45 [main] INFO  s.d.s.w.p.DocumentationPluginsBootstrapper - Found 1 custom documentation plugin(s)
2020-10-27 15:24:45 [main] INFO  s.d.s.w.s.ApiListingReferenceScanner - Scanning for api listing references
2020-10-27 15:24:45 [main] INFO  s.d.s.w.r.o.CachingOperationNameGenerator - Generating unique operation named: deleteUsingDELETE_1
2020-10-27 15:24:45 [main] INFO  s.d.s.w.r.o.CachingOperationNameGenerator - Generating unique operation named: getUsingGET_1
2020-10-27 15:24:45 [main] INFO  s.d.s.w.r.o.CachingOperationNameGenerator - Generating unique operation named: listUsingGET_1
2020-10-27 15:24:45 [main] INFO  s.d.s.w.r.o.CachingOperationNameGenerator - Generating unique operation named: getUsingGET_2
2020-10-27 15:24:45 [main] INFO  s.d.s.w.r.o.CachingOperationNameGenerator - Generating unique operation named: getByUserUsingGET_1
2020-10-27 15:24:45 [main] INFO  s.d.s.w.r.o.CachingOperationNameGenerator - Generating unique operation named: registerUsingPOST_1
2020-10-27 15:24:46 [main] INFO  o.s.b.w.e.tomcat.TomcatWebServer - Tomcat started on port(s): 8080 (http) with context path ''
2020-10-27 15:24:46 [main] INFO  com.ecommerce.Application - Started Application in 3.357 seconds (JVM running for 3.794)
2020-10-27 15:24:51 [http-nio-8080-exec-1] INFO  o.a.c.c.C.[Tomcat].[localhost].[/] - Initializing Spring DispatcherServlet 'dispatcherServlet'
2020-10-27 15:24:51 [http-nio-8080-exec-1] INFO  com.zaxxer.hikari.HikariDataSource - HikariPool-1 - Starting...
2020-10-27 15:24:51 [http-nio-8080-exec-1] INFO  com.zaxxer.hikari.HikariDataSource - HikariPool-1 - Start completed.
2020-10-27 15:25:39 [main] INFO  com.ecommerce.Application - Starting Application on DESKTOP-KVCQHCD with PID 10140 (C:\SSAFY\final\s03p31a101\backend\target\classes started by multicampus in C:\SSAFY\final\s03p31a101)
2020-10-27 15:25:39 [main] DEBUG com.ecommerce.Application - Running with Spring Boot v2.1.4.RELEASE, Spring v5.1.6.RELEASE
2020-10-27 15:25:39 [main] INFO  com.ecommerce.Application - No active profile set, falling back to default profiles: default
2020-10-27 15:25:40 [main] INFO  o.s.c.s.PostProcessorRegistrationDelegate$BeanPostProcessorChecker - Bean 'org.springframework.transaction.annotation.ProxyTransactionManagementConfiguration' of type [org.springframework.transaction.annotation.ProxyTransactionManagementConfiguration$$EnhancerBySpringCGLIB$$dabd3953] is not eligible for getting processed by all BeanPostProcessors (for example: not eligible for auto-proxying)
2020-10-27 15:25:41 [main] INFO  o.s.b.w.e.tomcat.TomcatWebServer - Tomcat initialized with port(s): 8080 (http)
2020-10-27 15:25:41 [main] INFO  o.a.catalina.core.StandardService - Starting service [Tomcat]
2020-10-27 15:25:41 [main] INFO  o.a.catalina.core.StandardEngine - Starting Servlet engine: [Apache Tomcat/9.0.17]
2020-10-27 15:25:41 [main] INFO  o.a.c.c.C.[Tomcat].[localhost].[/] - Initializing Spring embedded WebApplicationContext
2020-10-27 15:25:42 [main] INFO  s.d.s.w.PropertySourcedRequestMappingHandlerMapping - Mapped URL path [/v2/api-docs] onto method [public org.springframework.http.ResponseEntity<springfox.documentation.spring.web.json.Json> springfox.documentation.swagger2.web.Swagger2Controller.getDocumentation(java.lang.String,javax.servlet.http.HttpServletRequest)]
2020-10-27 15:25:42 [main] INFO  o.s.s.c.ThreadPoolTaskExecutor - Initializing ExecutorService 'applicationTaskExecutor'
2020-10-27 15:25:42 [main] INFO  s.d.s.w.p.DocumentationPluginsBootstrapper - Context refreshed
2020-10-27 15:25:42 [main] INFO  s.d.s.w.p.DocumentationPluginsBootstrapper - Found 1 custom documentation plugin(s)
2020-10-27 15:25:42 [main] INFO  s.d.s.w.s.ApiListingReferenceScanner - Scanning for api listing references
2020-10-27 15:25:42 [main] INFO  s.d.s.w.r.o.CachingOperationNameGenerator - Generating unique operation named: deleteUsingDELETE_1
2020-10-27 15:25:42 [main] INFO  s.d.s.w.r.o.CachingOperationNameGenerator - Generating unique operation named: getUsingGET_1
2020-10-27 15:25:42 [main] INFO  s.d.s.w.r.o.CachingOperationNameGenerator - Generating unique operation named: listUsingGET_1
2020-10-27 15:25:42 [main] INFO  s.d.s.w.r.o.CachingOperationNameGenerator - Generating unique operation named: getUsingGET_2
2020-10-27 15:25:42 [main] INFO  s.d.s.w.r.o.CachingOperationNameGenerator - Generating unique operation named: getByUserUsingGET_1
2020-10-27 15:25:42 [main] INFO  s.d.s.w.r.o.CachingOperationNameGenerator - Generating unique operation named: registerUsingPOST_1
2020-10-27 15:25:42 [main] INFO  o.s.b.w.e.tomcat.TomcatWebServer - Tomcat started on port(s): 8080 (http) with context path ''
2020-10-27 15:25:42 [main] INFO  com.ecommerce.Application - Started Application in 3.288 seconds (JVM running for 3.65)
2020-10-27 15:25:49 [http-nio-8080-exec-1] INFO  o.a.c.c.C.[Tomcat].[localhost].[/] - Initializing Spring DispatcherServlet 'dispatcherServlet'
2020-10-27 15:25:49 [http-nio-8080-exec-1] INFO  com.zaxxer.hikari.HikariDataSource - HikariPool-1 - Starting...
2020-10-27 15:25:49 [http-nio-8080-exec-1] INFO  com.zaxxer.hikari.HikariDataSource - HikariPool-1 - Start completed.
2020-10-27 15:30:23 [main] INFO  com.ecommerce.Application - Starting Application on DESKTOP-KVCQHCD with PID 7496 (C:\SSAFY\final\s03p31a101\backend\target\classes started by multicampus in C:\SSAFY\final\s03p31a101)
2020-10-27 15:30:23 [main] DEBUG com.ecommerce.Application - Running with Spring Boot v2.1.4.RELEASE, Spring v5.1.6.RELEASE
2020-10-27 15:30:23 [main] INFO  com.ecommerce.Application - No active profile set, falling back to default profiles: default
2020-10-27 15:30:24 [main] INFO  o.s.c.s.PostProcessorRegistrationDelegate$BeanPostProcessorChecker - Bean 'org.springframework.transaction.annotation.ProxyTransactionManagementConfiguration' of type [org.springframework.transaction.annotation.ProxyTransactionManagementConfiguration$$EnhancerBySpringCGLIB$$892b123] is not eligible for getting processed by all BeanPostProcessors (for example: not eligible for auto-proxying)
2020-10-27 15:30:25 [main] INFO  o.s.b.w.e.tomcat.TomcatWebServer - Tomcat initialized with port(s): 8080 (http)
2020-10-27 15:30:25 [main] INFO  o.a.catalina.core.StandardService - Starting service [Tomcat]
2020-10-27 15:30:25 [main] INFO  o.a.catalina.core.StandardEngine - Starting Servlet engine: [Apache Tomcat/9.0.17]
2020-10-27 15:30:25 [main] INFO  o.a.c.c.C.[Tomcat].[localhost].[/] - Initializing Spring embedded WebApplicationContext
2020-10-27 15:30:25 [main] INFO  s.d.s.w.PropertySourcedRequestMappingHandlerMapping - Mapped URL path [/v2/api-docs] onto method [public org.springframework.http.ResponseEntity<springfox.documentation.spring.web.json.Json> springfox.documentation.swagger2.web.Swagger2Controller.getDocumentation(java.lang.String,javax.servlet.http.HttpServletRequest)]
2020-10-27 15:30:26 [main] INFO  o.s.s.c.ThreadPoolTaskExecutor - Initializing ExecutorService 'applicationTaskExecutor'
2020-10-27 15:30:26 [main] INFO  s.d.s.w.p.DocumentationPluginsBootstrapper - Context refreshed
2020-10-27 15:30:26 [main] INFO  s.d.s.w.p.DocumentationPluginsBootstrapper - Found 1 custom documentation plugin(s)
2020-10-27 15:30:26 [main] INFO  s.d.s.w.s.ApiListingReferenceScanner - Scanning for api listing references
2020-10-27 15:30:26 [main] INFO  s.d.s.w.r.o.CachingOperationNameGenerator - Generating unique operation named: deleteUsingDELETE_1
2020-10-27 15:30:26 [main] INFO  s.d.s.w.r.o.CachingOperationNameGenerator - Generating unique operation named: getUsingGET_1
2020-10-27 15:30:26 [main] INFO  s.d.s.w.r.o.CachingOperationNameGenerator - Generating unique operation named: listUsingGET_1
2020-10-27 15:30:26 [main] INFO  s.d.s.w.r.o.CachingOperationNameGenerator - Generating unique operation named: getUsingGET_2
2020-10-27 15:30:26 [main] INFO  s.d.s.w.r.o.CachingOperationNameGenerator - Generating unique operation named: getByUserUsingGET_1
2020-10-27 15:30:26 [main] INFO  s.d.s.w.r.o.CachingOperationNameGenerator - Generating unique operation named: registerUsingPOST_1
2020-10-27 15:30:26 [main] INFO  o.s.b.w.e.tomcat.TomcatWebServer - Tomcat started on port(s): 8080 (http) with context path ''
2020-10-27 15:30:26 [main] INFO  com.ecommerce.Application - Started Application in 3.241 seconds (JVM running for 3.592)
2020-10-27 15:30:37 [http-nio-8080-exec-1] INFO  o.a.c.c.C.[Tomcat].[localhost].[/] - Initializing Spring DispatcherServlet 'dispatcherServlet'
2020-10-27 15:30:37 [http-nio-8080-exec-1] INFO  com.zaxxer.hikari.HikariDataSource - HikariPool-1 - Starting...
2020-10-27 15:30:37 [http-nio-8080-exec-1] INFO  com.zaxxer.hikari.HikariDataSource - HikariPool-1 - Start completed.
2020-10-27 15:32:47 [main] INFO  com.ecommerce.Application - Starting Application on DESKTOP-KVCQHCD with PID 12328 (C:\SSAFY\final\s03p31a101\backend\target\classes started by multicampus in C:\SSAFY\final\s03p31a101)
2020-10-27 15:32:47 [main] DEBUG com.ecommerce.Application - Running with Spring Boot v2.1.4.RELEASE, Spring v5.1.6.RELEASE
2020-10-27 15:32:47 [main] INFO  com.ecommerce.Application - No active profile set, falling back to default profiles: default
2020-10-27 15:32:48 [main] INFO  o.s.c.s.PostProcessorRegistrationDelegate$BeanPostProcessorChecker - Bean 'org.springframework.transaction.annotation.ProxyTransactionManagementConfiguration' of type [org.springframework.transaction.annotation.ProxyTransactionManagementConfiguration$$EnhancerBySpringCGLIB$$de87d693] is not eligible for getting processed by all BeanPostProcessors (for example: not eligible for auto-proxying)
2020-10-27 15:32:49 [main] INFO  o.s.b.w.e.tomcat.TomcatWebServer - Tomcat initialized with port(s): 8080 (http)
2020-10-27 15:32:49 [main] INFO  o.a.catalina.core.StandardService - Starting service [Tomcat]
2020-10-27 15:32:49 [main] INFO  o.a.catalina.core.StandardEngine - Starting Servlet engine: [Apache Tomcat/9.0.17]
2020-10-27 15:32:49 [main] INFO  o.a.c.c.C.[Tomcat].[localhost].[/] - Initializing Spring embedded WebApplicationContext
2020-10-27 15:32:50 [main] INFO  s.d.s.w.PropertySourcedRequestMappingHandlerMapping - Mapped URL path [/v2/api-docs] onto method [public org.springframework.http.ResponseEntity<springfox.documentation.spring.web.json.Json> springfox.documentation.swagger2.web.Swagger2Controller.getDocumentation(java.lang.String,javax.servlet.http.HttpServletRequest)]
2020-10-27 15:32:50 [main] INFO  o.s.s.c.ThreadPoolTaskExecutor - Initializing ExecutorService 'applicationTaskExecutor'
2020-10-27 15:32:50 [main] INFO  s.d.s.w.p.DocumentationPluginsBootstrapper - Context refreshed
2020-10-27 15:32:50 [main] INFO  s.d.s.w.p.DocumentationPluginsBootstrapper - Found 1 custom documentation plugin(s)
2020-10-27 15:32:50 [main] INFO  s.d.s.w.s.ApiListingReferenceScanner - Scanning for api listing references
2020-10-27 15:32:50 [main] INFO  s.d.s.w.r.o.CachingOperationNameGenerator - Generating unique operation named: deleteUsingDELETE_1
2020-10-27 15:32:50 [main] INFO  s.d.s.w.r.o.CachingOperationNameGenerator - Generating unique operation named: getUsingGET_1
2020-10-27 15:32:50 [main] INFO  s.d.s.w.r.o.CachingOperationNameGenerator - Generating unique operation named: listUsingGET_1
2020-10-27 15:32:50 [main] INFO  s.d.s.w.r.o.CachingOperationNameGenerator - Generating unique operation named: getUsingGET_2
2020-10-27 15:32:50 [main] INFO  s.d.s.w.r.o.CachingOperationNameGenerator - Generating unique operation named: getByUserUsingGET_1
2020-10-27 15:32:50 [main] INFO  s.d.s.w.r.o.CachingOperationNameGenerator - Generating unique operation named: registerUsingPOST_1
2020-10-27 15:32:50 [main] INFO  o.s.b.w.e.tomcat.TomcatWebServer - Tomcat started on port(s): 8080 (http) with context path ''
2020-10-27 15:32:50 [main] INFO  com.ecommerce.Application - Started Application in 3.635 seconds (JVM running for 4.237)
2020-10-27 15:33:09 [http-nio-8080-exec-1] INFO  o.a.c.c.C.[Tomcat].[localhost].[/] - Initializing Spring DispatcherServlet 'dispatcherServlet'
2020-10-27 15:33:09 [http-nio-8080-exec-1] INFO  com.zaxxer.hikari.HikariDataSource - HikariPool-1 - Starting...
2020-10-27 15:33:09 [http-nio-8080-exec-1] INFO  com.zaxxer.hikari.HikariDataSource - HikariPool-1 - Start completed.
2020-10-27 15:39:27 [main] INFO  com.ecommerce.Application - Starting Application on DESKTOP-KVCQHCD with PID 1896 (C:\SSAFY\final\s03p31a101\backend\target\classes started by multicampus in C:\SSAFY\final\s03p31a101)
2020-10-27 15:39:27 [main] DEBUG com.ecommerce.Application - Running with Spring Boot v2.1.4.RELEASE, Spring v5.1.6.RELEASE
2020-10-27 15:39:27 [main] INFO  com.ecommerce.Application - No active profile set, falling back to default profiles: default
2020-10-27 15:39:28 [main] INFO  o.s.c.s.PostProcessorRegistrationDelegate$BeanPostProcessorChecker - Bean 'org.springframework.transaction.annotation.ProxyTransactionManagementConfiguration' of type [org.springframework.transaction.annotation.ProxyTransactionManagementConfiguration$$EnhancerBySpringCGLIB$$133c2304] is not eligible for getting processed by all BeanPostProcessors (for example: not eligible for auto-proxying)
2020-10-27 15:39:29 [main] INFO  o.s.b.w.e.tomcat.TomcatWebServer - Tomcat initialized with port(s): 8080 (http)
2020-10-27 15:39:29 [main] INFO  o.a.catalina.core.StandardService - Starting service [Tomcat]
2020-10-27 15:39:29 [main] INFO  o.a.catalina.core.StandardEngine - Starting Servlet engine: [Apache Tomcat/9.0.17]
2020-10-27 15:39:29 [main] INFO  o.a.c.c.C.[Tomcat].[localhost].[/] - Initializing Spring embedded WebApplicationContext
2020-10-27 15:39:30 [main] INFO  s.d.s.w.PropertySourcedRequestMappingHandlerMapping - Mapped URL path [/v2/api-docs] onto method [public org.springframework.http.ResponseEntity<springfox.documentation.spring.web.json.Json> springfox.documentation.swagger2.web.Swagger2Controller.getDocumentation(java.lang.String,javax.servlet.http.HttpServletRequest)]
2020-10-27 15:39:30 [main] INFO  o.s.s.c.ThreadPoolTaskExecutor - Initializing ExecutorService 'applicationTaskExecutor'
2020-10-27 15:39:30 [main] INFO  s.d.s.w.p.DocumentationPluginsBootstrapper - Context refreshed
2020-10-27 15:39:30 [main] INFO  s.d.s.w.p.DocumentationPluginsBootstrapper - Found 1 custom documentation plugin(s)
2020-10-27 15:39:30 [main] INFO  s.d.s.w.s.ApiListingReferenceScanner - Scanning for api listing references
2020-10-27 15:39:30 [main] INFO  s.d.s.w.r.o.CachingOperationNameGenerator - Generating unique operation named: deleteUsingDELETE_1
2020-10-27 15:39:30 [main] INFO  s.d.s.w.r.o.CachingOperationNameGenerator - Generating unique operation named: getUsingGET_1
2020-10-27 15:39:30 [main] INFO  s.d.s.w.r.o.CachingOperationNameGenerator - Generating unique operation named: listUsingGET_1
2020-10-27 15:39:30 [main] INFO  s.d.s.w.r.o.CachingOperationNameGenerator - Generating unique operation named: getUsingGET_2
2020-10-27 15:39:30 [main] INFO  s.d.s.w.r.o.CachingOperationNameGenerator - Generating unique operation named: getByUserUsingGET_1
2020-10-27 15:39:30 [main] INFO  s.d.s.w.r.o.CachingOperationNameGenerator - Generating unique operation named: registerUsingPOST_1
2020-10-27 15:39:30 [main] INFO  o.s.b.w.e.tomcat.TomcatWebServer - Tomcat started on port(s): 8080 (http) with context path ''
2020-10-27 15:39:30 [main] INFO  com.ecommerce.Application - Started Application in 3.223 seconds (JVM running for 3.643)
2020-10-27 15:39:37 [http-nio-8080-exec-1] INFO  o.a.c.c.C.[Tomcat].[localhost].[/] - Initializing Spring DispatcherServlet 'dispatcherServlet'
2020-10-27 15:39:38 [http-nio-8080-exec-1] INFO  com.zaxxer.hikari.HikariDataSource - HikariPool-1 - Starting...
2020-10-27 15:39:38 [http-nio-8080-exec-1] INFO  com.zaxxer.hikari.HikariDataSource - HikariPool-1 - Start completed.
2020-10-27 15:45:56 [main] INFO  com.ecommerce.Application - Starting Application on DESKTOP-KVCQHCD with PID 12308 (C:\SSAFY\final\s03p31a101\backend\target\classes started by multicampus in C:\SSAFY\final\s03p31a101)
2020-10-27 15:45:56 [main] DEBUG com.ecommerce.Application - Running with Spring Boot v2.1.4.RELEASE, Spring v5.1.6.RELEASE
2020-10-27 15:45:56 [main] INFO  com.ecommerce.Application - No active profile set, falling back to default profiles: default
2020-10-27 15:45:57 [main] INFO  o.s.c.s.PostProcessorRegistrationDelegate$BeanPostProcessorChecker - Bean 'org.springframework.transaction.annotation.ProxyTransactionManagementConfiguration' of type [org.springframework.transaction.annotation.ProxyTransactionManagementConfiguration$$EnhancerBySpringCGLIB$$75a00fd3] is not eligible for getting processed by all BeanPostProcessors (for example: not eligible for auto-proxying)
2020-10-27 15:45:57 [main] INFO  o.s.b.w.e.tomcat.TomcatWebServer - Tomcat initialized with port(s): 8080 (http)
2020-10-27 15:45:57 [main] INFO  o.a.catalina.core.StandardService - Starting service [Tomcat]
2020-10-27 15:45:57 [main] INFO  o.a.catalina.core.StandardEngine - Starting Servlet engine: [Apache Tomcat/9.0.17]
2020-10-27 15:45:58 [main] INFO  o.a.c.c.C.[Tomcat].[localhost].[/] - Initializing Spring embedded WebApplicationContext
2020-10-27 15:45:58 [main] INFO  s.d.s.w.PropertySourcedRequestMappingHandlerMapping - Mapped URL path [/v2/api-docs] onto method [public org.springframework.http.ResponseEntity<springfox.documentation.spring.web.json.Json> springfox.documentation.swagger2.web.Swagger2Controller.getDocumentation(java.lang.String,javax.servlet.http.HttpServletRequest)]
2020-10-27 15:45:58 [main] INFO  o.s.s.c.ThreadPoolTaskExecutor - Initializing ExecutorService 'applicationTaskExecutor'
2020-10-27 15:45:59 [main] INFO  s.d.s.w.p.DocumentationPluginsBootstrapper - Context refreshed
2020-10-27 15:45:59 [main] INFO  s.d.s.w.p.DocumentationPluginsBootstrapper - Found 1 custom documentation plugin(s)
2020-10-27 15:45:59 [main] INFO  s.d.s.w.s.ApiListingReferenceScanner - Scanning for api listing references
2020-10-27 15:45:59 [main] INFO  s.d.s.w.r.o.CachingOperationNameGenerator - Generating unique operation named: deleteUsingDELETE_1
2020-10-27 15:45:59 [main] INFO  s.d.s.w.r.o.CachingOperationNameGenerator - Generating unique operation named: getUsingGET_1
2020-10-27 15:45:59 [main] INFO  s.d.s.w.r.o.CachingOperationNameGenerator - Generating unique operation named: listUsingGET_1
2020-10-27 15:45:59 [main] INFO  s.d.s.w.r.o.CachingOperationNameGenerator - Generating unique operation named: getUsingGET_2
2020-10-27 15:45:59 [main] INFO  s.d.s.w.r.o.CachingOperationNameGenerator - Generating unique operation named: getByUserUsingGET_1
2020-10-27 15:45:59 [main] INFO  s.d.s.w.r.o.CachingOperationNameGenerator - Generating unique operation named: registerUsingPOST_1
2020-10-27 15:45:59 [main] INFO  o.s.b.w.e.tomcat.TomcatWebServer - Tomcat started on port(s): 8080 (http) with context path ''
2020-10-27 15:45:59 [main] INFO  com.ecommerce.Application - Started Application in 3.225 seconds (JVM running for 3.582)
2020-10-27 15:46:08 [http-nio-8080-exec-1] INFO  o.a.c.c.C.[Tomcat].[localhost].[/] - Initializing Spring DispatcherServlet 'dispatcherServlet'
2020-10-27 15:46:08 [http-nio-8080-exec-1] INFO  com.zaxxer.hikari.HikariDataSource - HikariPool-1 - Starting...
2020-10-27 15:46:08 [http-nio-8080-exec-1] INFO  com.zaxxer.hikari.HikariDataSource - HikariPool-1 - Start completed.
2020-10-27 15:46:28 [main] INFO  com.ecommerce.Application - Starting Application on DESKTOP-KVCQHCD with PID 4660 (C:\SSAFY\final\s03p31a101\backend\target\classes started by multicampus in C:\SSAFY\final\s03p31a101)
2020-10-27 15:46:28 [main] DEBUG com.ecommerce.Application - Running with Spring Boot v2.1.4.RELEASE, Spring v5.1.6.RELEASE
2020-10-27 15:46:28 [main] INFO  com.ecommerce.Application - No active profile set, falling back to default profiles: default
2020-10-27 15:46:29 [main] INFO  o.s.c.s.PostProcessorRegistrationDelegate$BeanPostProcessorChecker - Bean 'org.springframework.transaction.annotation.ProxyTransactionManagementConfiguration' of type [org.springframework.transaction.annotation.ProxyTransactionManagementConfiguration$$EnhancerBySpringCGLIB$$5166b2aa] is not eligible for getting processed by all BeanPostProcessors (for example: not eligible for auto-proxying)
2020-10-27 15:46:30 [main] INFO  o.s.b.w.e.tomcat.TomcatWebServer - Tomcat initialized with port(s): 8080 (http)
2020-10-27 15:46:30 [main] INFO  o.a.catalina.core.StandardService - Starting service [Tomcat]
2020-10-27 15:46:30 [main] INFO  o.a.catalina.core.StandardEngine - Starting Servlet engine: [Apache Tomcat/9.0.17]
2020-10-27 15:46:30 [main] INFO  o.a.c.c.C.[Tomcat].[localhost].[/] - Initializing Spring embedded WebApplicationContext
2020-10-27 15:46:49 [main] INFO  s.d.s.w.PropertySourcedRequestMappingHandlerMapping - Mapped URL path [/v2/api-docs] onto method [public org.springframework.http.ResponseEntity<springfox.documentation.spring.web.json.Json> springfox.documentation.swagger2.web.Swagger2Controller.getDocumentation(java.lang.String,javax.servlet.http.HttpServletRequest)]
2020-10-27 15:46:49 [main] INFO  o.s.s.c.ThreadPoolTaskExecutor - Initializing ExecutorService 'applicationTaskExecutor'
2020-10-27 15:46:50 [main] INFO  s.d.s.w.p.DocumentationPluginsBootstrapper - Context refreshed
2020-10-27 15:46:50 [main] INFO  s.d.s.w.p.DocumentationPluginsBootstrapper - Found 1 custom documentation plugin(s)
2020-10-27 15:46:50 [main] INFO  s.d.s.w.s.ApiListingReferenceScanner - Scanning for api listing references
2020-10-27 15:46:50 [main] INFO  s.d.s.w.r.o.CachingOperationNameGenerator - Generating unique operation named: deleteUsingDELETE_1
2020-10-27 15:46:50 [main] INFO  s.d.s.w.r.o.CachingOperationNameGenerator - Generating unique operation named: getUsingGET_1
2020-10-27 15:46:50 [main] INFO  s.d.s.w.r.o.CachingOperationNameGenerator - Generating unique operation named: listUsingGET_1
2020-10-27 15:46:50 [main] INFO  s.d.s.w.r.o.CachingOperationNameGenerator - Generating unique operation named: getUsingGET_2
2020-10-27 15:46:50 [main] INFO  s.d.s.w.r.o.CachingOperationNameGenerator - Generating unique operation named: getByUserUsingGET_1
2020-10-27 15:46:50 [main] INFO  s.d.s.w.r.o.CachingOperationNameGenerator - Generating unique operation named: registerUsingPOST_1
2020-10-27 15:46:50 [main] INFO  o.s.b.w.e.tomcat.TomcatWebServer - Tomcat started on port(s): 8080 (http) with context path ''
2020-10-27 15:46:50 [main] INFO  com.ecommerce.Application - Started Application in 22.174 seconds (JVM running for 22.521)
2020-10-27 15:47:02 [http-nio-8080-exec-1] INFO  o.a.c.c.C.[Tomcat].[localhost].[/] - Initializing Spring DispatcherServlet 'dispatcherServlet'
2020-10-27 15:47:02 [http-nio-8080-exec-1] INFO  com.zaxxer.hikari.HikariDataSource - HikariPool-1 - Starting...
2020-10-27 15:47:03 [http-nio-8080-exec-1] INFO  com.zaxxer.hikari.HikariDataSource - HikariPool-1 - Start completed.
2020-10-27 15:49:26 [main] INFO  com.ecommerce.Application - Starting Application on DESKTOP-KVCQHCD with PID 8136 (C:\SSAFY\final\s03p31a101\backend\target\classes started by multicampus in C:\SSAFY\final\s03p31a101)
2020-10-27 15:49:26 [main] DEBUG com.ecommerce.Application - Running with Spring Boot v2.1.4.RELEASE, Spring v5.1.6.RELEASE
2020-10-27 15:49:26 [main] INFO  com.ecommerce.Application - No active profile set, falling back to default profiles: default
2020-10-27 15:49:27 [main] INFO  o.s.c.s.PostProcessorRegistrationDelegate$BeanPostProcessorChecker - Bean 'org.springframework.transaction.annotation.ProxyTransactionManagementConfiguration' of type [org.springframework.transaction.annotation.ProxyTransactionManagementConfiguration$$EnhancerBySpringCGLIB$$27be53b2] is not eligible for getting processed by all BeanPostProcessors (for example: not eligible for auto-proxying)
2020-10-27 15:49:28 [main] INFO  o.s.b.w.e.tomcat.TomcatWebServer - Tomcat initialized with port(s): 8080 (http)
2020-10-27 15:49:28 [main] INFO  o.a.catalina.core.StandardService - Starting service [Tomcat]
2020-10-27 15:49:28 [main] INFO  o.a.catalina.core.StandardEngine - Starting Servlet engine: [Apache Tomcat/9.0.17]
2020-10-27 15:49:28 [main] INFO  o.a.c.c.C.[Tomcat].[localhost].[/] - Initializing Spring embedded WebApplicationContext
2020-10-27 15:49:29 [main] INFO  s.d.s.w.PropertySourcedRequestMappingHandlerMapping - Mapped URL path [/v2/api-docs] onto method [public org.springframework.http.ResponseEntity<springfox.documentation.spring.web.json.Json> springfox.documentation.swagger2.web.Swagger2Controller.getDocumentation(java.lang.String,javax.servlet.http.HttpServletRequest)]
2020-10-27 15:49:29 [main] INFO  o.s.s.c.ThreadPoolTaskExecutor - Initializing ExecutorService 'applicationTaskExecutor'
2020-10-27 15:49:29 [main] INFO  s.d.s.w.p.DocumentationPluginsBootstrapper - Context refreshed
2020-10-27 15:49:29 [main] INFO  s.d.s.w.p.DocumentationPluginsBootstrapper - Found 1 custom documentation plugin(s)
2020-10-27 15:49:29 [main] INFO  s.d.s.w.s.ApiListingReferenceScanner - Scanning for api listing references
2020-10-27 15:49:29 [main] INFO  s.d.s.w.r.o.CachingOperationNameGenerator - Generating unique operation named: deleteUsingDELETE_1
2020-10-27 15:49:29 [main] INFO  s.d.s.w.r.o.CachingOperationNameGenerator - Generating unique operation named: getUsingGET_1
2020-10-27 15:49:29 [main] INFO  s.d.s.w.r.o.CachingOperationNameGenerator - Generating unique operation named: listUsingGET_1
2020-10-27 15:49:29 [main] INFO  s.d.s.w.r.o.CachingOperationNameGenerator - Generating unique operation named: getUsingGET_2
2020-10-27 15:49:29 [main] INFO  s.d.s.w.r.o.CachingOperationNameGenerator - Generating unique operation named: getByUserUsingGET_1
2020-10-27 15:49:29 [main] INFO  s.d.s.w.r.o.CachingOperationNameGenerator - Generating unique operation named: registerUsingPOST_1
2020-10-27 15:49:29 [main] INFO  o.s.b.w.e.tomcat.TomcatWebServer - Tomcat started on port(s): 8080 (http) with context path ''
2020-10-27 15:49:29 [main] INFO  com.ecommerce.Application - Started Application in 3.349 seconds (JVM running for 3.727)
2020-10-27 15:49:35 [http-nio-8080-exec-1] INFO  o.a.c.c.C.[Tomcat].[localhost].[/] - Initializing Spring DispatcherServlet 'dispatcherServlet'
2020-10-27 15:49:36 [http-nio-8080-exec-1] INFO  com.zaxxer.hikari.HikariDataSource - HikariPool-1 - Starting...
2020-10-27 15:49:36 [http-nio-8080-exec-1] INFO  com.zaxxer.hikari.HikariDataSource - HikariPool-1 - Start completed.
2020-10-27 16:51:57 [main] INFO  com.ssafy.IMS.Application - Starting Application on DESKTOP-KVCQHCD with PID 10644 (C:\SSAFY\final\s03p31a101\backend\target\classes started by multicampus in C:\SSAFY\final\s03p31a101)
2020-10-27 16:51:57 [main] INFO  com.ssafy.IMS.Application - No active profile set, falling back to default profiles: default
2020-10-27 16:51:58 [main] INFO  o.s.d.r.c.RepositoryConfigurationDelegate - Bootstrapping Spring Data repositories in DEFAULT mode.
2020-10-27 16:51:58 [main] INFO  o.s.d.r.c.RepositoryConfigurationDelegate - Finished Spring Data repository scanning in 147ms. Found 4 repository interfaces.
2020-10-27 16:51:59 [main] INFO  o.s.c.s.PostProcessorRegistrationDelegate$BeanPostProcessorChecker - Bean 'org.springframework.transaction.annotation.ProxyTransactionManagementConfiguration' of type [org.springframework.transaction.annotation.ProxyTransactionManagementConfiguration$$EnhancerBySpringCGLIB$$49995b85] is not eligible for getting processed by all BeanPostProcessors (for example: not eligible for auto-proxying)
2020-10-27 16:51:59 [main] INFO  o.s.b.w.e.tomcat.TomcatWebServer - Tomcat initialized with port(s): 8080 (http)
2020-10-27 16:51:59 [main] INFO  o.a.catalina.core.StandardService - Starting service [Tomcat]
2020-10-27 16:51:59 [main] INFO  o.a.catalina.core.StandardEngine - Starting Servlet engine: [Apache Tomcat/9.0.17]
2020-10-27 16:51:59 [main] INFO  o.a.c.c.C.[Tomcat].[localhost].[/] - Initializing Spring embedded WebApplicationContext
2020-10-27 16:51:59 [main] INFO  com.zaxxer.hikari.HikariDataSource - HikariPool-1 - Starting...
2020-10-27 16:52:00 [main] INFO  com.zaxxer.hikari.HikariDataSource - HikariPool-1 - Start completed.
2020-10-27 16:52:00 [main] INFO  o.h.jpa.internal.util.LogHelper - HHH000204: Processing PersistenceUnitInfo [
	name: default
	...]
2020-10-27 16:52:00 [main] INFO  org.hibernate.Version - HHH000412: Hibernate Core {5.3.9.Final}
2020-10-27 16:52:00 [main] INFO  org.hibernate.cfg.Environment - HHH000206: hibernate.properties not found
2020-10-27 16:52:00 [main] INFO  o.h.annotations.common.Version - HCANN000001: Hibernate Commons Annotations {5.0.4.Final}
2020-10-27 16:52:00 [main] INFO  org.hibernate.dialect.Dialect - HHH000400: Using dialect: org.hibernate.dialect.MySQL5InnoDBDialect
2020-10-27 16:52:01 [main] INFO  o.s.o.j.LocalContainerEntityManagerFactoryBean - Initialized JPA EntityManagerFactory for persistence unit 'default'
2020-10-27 16:52:01 [main] WARN  o.s.b.a.o.j.JpaBaseConfiguration$JpaWebConfiguration$JpaWebMvcConfiguration - spring.jpa.open-in-view is enabled by default. Therefore, database queries may be performed during view rendering. Explicitly configure spring.jpa.open-in-view to disable this warning
2020-10-27 16:52:02 [main] INFO  s.d.s.w.PropertySourcedRequestMappingHandlerMapping - Mapped URL path [/v2/api-docs] onto method [public org.springframework.http.ResponseEntity<springfox.documentation.spring.web.json.Json> springfox.documentation.swagger2.web.Swagger2Controller.getDocumentation(java.lang.String,javax.servlet.http.HttpServletRequest)]
2020-10-27 16:52:02 [main] INFO  o.s.s.c.ThreadPoolTaskExecutor - Initializing ExecutorService 'applicationTaskExecutor'
2020-10-27 16:52:02 [main] INFO  s.d.s.w.p.DocumentationPluginsBootstrapper - Context refreshed
2020-10-27 16:52:02 [main] INFO  s.d.s.w.p.DocumentationPluginsBootstrapper - Found 1 custom documentation plugin(s)
2020-10-27 16:52:02 [main] INFO  s.d.s.w.s.ApiListingReferenceScanner - Scanning for api listing references
2020-10-27 16:52:02 [main] INFO  o.s.b.w.e.tomcat.TomcatWebServer - Tomcat started on port(s): 8080 (http) with context path ''
2020-10-27 16:52:02 [main] INFO  com.ssafy.IMS.Application - Started Application in 5.34 seconds (JVM running for 5.708)
2020-10-27 16:52:08 [http-nio-8080-exec-1] INFO  o.a.c.c.C.[Tomcat].[localhost].[/] - Initializing Spring DispatcherServlet 'dispatcherServlet'
2020-10-27 16:53:08 [main] INFO  com.ssafy.IMS.Application - Starting Application on DESKTOP-KVCQHCD with PID 5624 (C:\SSAFY\final\s03p31a101\backend\target\classes started by multicampus in C:\SSAFY\final\s03p31a101)
2020-10-27 16:53:08 [main] INFO  com.ssafy.IMS.Application - No active profile set, falling back to default profiles: default
2020-10-27 16:53:08 [main] INFO  o.s.d.r.c.RepositoryConfigurationDelegate - Bootstrapping Spring Data repositories in DEFAULT mode.
2020-10-27 16:53:09 [main] INFO  o.s.d.r.c.RepositoryConfigurationDelegate - Finished Spring Data repository scanning in 140ms. Found 4 repository interfaces.
2020-10-27 16:53:09 [main] INFO  o.s.c.s.PostProcessorRegistrationDelegate$BeanPostProcessorChecker - Bean 'org.springframework.transaction.annotation.ProxyTransactionManagementConfiguration' of type [org.springframework.transaction.annotation.ProxyTransactionManagementConfiguration$$EnhancerBySpringCGLIB$$322ac5bc] is not eligible for getting processed by all BeanPostProcessors (for example: not eligible for auto-proxying)
2020-10-27 16:53:09 [main] INFO  o.s.b.w.e.tomcat.TomcatWebServer - Tomcat initialized with port(s): 8080 (http)
2020-10-27 16:53:09 [main] INFO  o.a.catalina.core.StandardService - Starting service [Tomcat]
2020-10-27 16:53:09 [main] INFO  o.a.catalina.core.StandardEngine - Starting Servlet engine: [Apache Tomcat/9.0.17]
2020-10-27 16:53:09 [main] INFO  o.a.c.c.C.[Tomcat].[localhost].[/] - Initializing Spring embedded WebApplicationContext
2020-10-27 16:53:10 [main] INFO  com.zaxxer.hikari.HikariDataSource - HikariPool-1 - Starting...
2020-10-27 16:53:10 [main] INFO  com.zaxxer.hikari.HikariDataSource - HikariPool-1 - Start completed.
2020-10-27 16:53:10 [main] INFO  o.h.jpa.internal.util.LogHelper - HHH000204: Processing PersistenceUnitInfo [
	name: default
	...]
2020-10-27 16:53:10 [main] INFO  org.hibernate.Version - HHH000412: Hibernate Core {5.3.9.Final}
2020-10-27 16:53:10 [main] INFO  org.hibernate.cfg.Environment - HHH000206: hibernate.properties not found
2020-10-27 16:53:10 [main] INFO  o.h.annotations.common.Version - HCANN000001: Hibernate Commons Annotations {5.0.4.Final}
2020-10-27 16:53:10 [main] INFO  org.hibernate.dialect.Dialect - HHH000400: Using dialect: org.hibernate.dialect.MySQL5InnoDBDialect
2020-10-27 16:53:11 [main] INFO  o.s.o.j.LocalContainerEntityManagerFactoryBean - Initialized JPA EntityManagerFactory for persistence unit 'default'
2020-10-27 16:53:11 [main] WARN  o.s.b.a.o.j.JpaBaseConfiguration$JpaWebConfiguration$JpaWebMvcConfiguration - spring.jpa.open-in-view is enabled by default. Therefore, database queries may be performed during view rendering. Explicitly configure spring.jpa.open-in-view to disable this warning
2020-10-27 16:53:12 [main] INFO  s.d.s.w.PropertySourcedRequestMappingHandlerMapping - Mapped URL path [/v2/api-docs] onto method [public org.springframework.http.ResponseEntity<springfox.documentation.spring.web.json.Json> springfox.documentation.swagger2.web.Swagger2Controller.getDocumentation(java.lang.String,javax.servlet.http.HttpServletRequest)]
2020-10-27 16:53:12 [main] INFO  o.s.s.c.ThreadPoolTaskExecutor - Initializing ExecutorService 'applicationTaskExecutor'
2020-10-27 16:53:12 [main] INFO  s.d.s.w.p.DocumentationPluginsBootstrapper - Context refreshed
2020-10-27 16:53:12 [main] INFO  s.d.s.w.p.DocumentationPluginsBootstrapper - Found 1 custom documentation plugin(s)
2020-10-27 16:53:12 [main] INFO  s.d.s.w.s.ApiListingReferenceScanner - Scanning for api listing references
2020-10-27 16:53:12 [main] INFO  o.s.b.w.e.tomcat.TomcatWebServer - Tomcat started on port(s): 8080 (http) with context path ''
2020-10-27 16:53:12 [main] INFO  com.ssafy.IMS.Application - Started Application in 4.867 seconds (JVM running for 5.24)
2020-10-27 16:53:17 [http-nio-8080-exec-1] INFO  o.a.c.c.C.[Tomcat].[localhost].[/] - Initializing Spring DispatcherServlet 'dispatcherServlet'
2020-10-27 16:55:20 [http-nio-8080-exec-7] INFO  o.h.h.i.QueryTranslatorFactoryInitiator - HHH000397: Using ASTQueryTranslatorFactory
2020-10-27 16:55:24 [http-nio-8080-exec-7] DEBUG org.hibernate.SQL - 
    select
        user0_.id as col_0_0_ 
    from
        user user0_ 
    where
        user0_.email=? limit ?
2020-10-27 16:55:25 [http-nio-8080-exec-7] DEBUG org.hibernate.SQL - 
    insert 
    into
        user
        (company1, company2, company3, email, name, password) 
    values
        (?, ?, ?, ?, ?, ?)
2020-10-27 17:09:13 [http-nio-8080-exec-10] DEBUG org.hibernate.SQL - 
    select
        user0_.id as col_0_0_ 
    from
        user user0_ 
    where
        user0_.email=? limit ?
2020-10-27 17:09:13 [http-nio-8080-exec-10] DEBUG org.hibernate.SQL - 
    insert 
    into
        user
        (company1, company2, company3, email, name, password) 
    values
        (?, ?, ?, ?, ?, ?)
2020-10-27 17:17:01 [http-nio-8080-exec-3] DEBUG org.hibernate.SQL - 
    select
        user0_.id as col_0_0_ 
    from
        user user0_ 
    where
        user0_.email=? limit ?
2020-10-27 17:17:01 [http-nio-8080-exec-3] DEBUG org.hibernate.SQL - 
    insert 
    into
        user
        (company1, company2, company3, email, name, password) 
    values
        (?, ?, ?, ?, ?, ?)
2020-10-27 17:17:35 [http-nio-8080-exec-5] DEBUG org.hibernate.SQL - 
    select
        user0_.id as col_0_0_ 
    from
        user user0_ 
    where
        user0_.email=? limit ?
2020-10-27 17:17:35 [http-nio-8080-exec-5] DEBUG org.hibernate.SQL - 
    insert 
    into
        user
        (company1, company2, company3, email, name, password) 
    values
        (?, ?, ?, ?, ?, ?)
